CRITICAL - 2023-11-11 16:28:00 --> Call to a member function move() on null
in APPPATH\Controllers\ResearchOutputController.php on line 25.
 1 SYSTEMPATH\CodeIgniter.php(942): App\Controllers\ResearchOutputController->save()
 2 SYSTEMPATH\CodeIgniter.php(502): CodeIgniter\CodeIgniter->runController(Object(App\Controllers\ResearchOutputController))
 3 SYSTEMPATH\CodeIgniter.php(361): CodeIgniter\CodeIgniter->handleRequest(null, Object(Config\Cache), false)
 4 FCPATH\index.php(87): CodeIgniter\CodeIgniter->run()
CRITICAL - 2023-11-11 16:28:04 --> Call to a member function move() on null
in APPPATH\Controllers\ResearchOutputController.php on line 25.
 1 SYSTEMPATH\CodeIgniter.php(942): App\Controllers\ResearchOutputController->save()
 2 SYSTEMPATH\CodeIgniter.php(502): CodeIgniter\CodeIgniter->runController(Object(App\Controllers\ResearchOutputController))
 3 SYSTEMPATH\CodeIgniter.php(361): CodeIgniter\CodeIgniter->handleRequest(null, Object(Config\Cache), false)
 4 FCPATH\index.php(87): CodeIgniter\CodeIgniter->run()
CRITICAL - 2023-11-11 16:28:18 --> Call to a member function move() on null
in APPPATH\Controllers\ResearchOutputController.php on line 25.
 1 SYSTEMPATH\CodeIgniter.php(942): App\Controllers\ResearchOutputController->save()
 2 SYSTEMPATH\CodeIgniter.php(502): CodeIgniter\CodeIgniter->runController(Object(App\Controllers\ResearchOutputController))
 3 SYSTEMPATH\CodeIgniter.php(361): CodeIgniter\CodeIgniter->handleRequest(null, Object(Config\Cache), false)
 4 FCPATH\index.php(87): CodeIgniter\CodeIgniter->run()
CRITICAL - 2023-11-11 16:28:20 --> Call to a member function move() on null
in APPPATH\Controllers\ResearchOutputController.php on line 25.
 1 SYSTEMPATH\CodeIgniter.php(942): App\Controllers\ResearchOutputController->save()
 2 SYSTEMPATH\CodeIgniter.php(502): CodeIgniter\CodeIgniter->runController(Object(App\Controllers\ResearchOutputController))
 3 SYSTEMPATH\CodeIgniter.php(361): CodeIgniter\CodeIgniter->handleRequest(null, Object(Config\Cache), false)
 4 FCPATH\index.php(87): CodeIgniter\CodeIgniter->run()
CRITICAL - 2023-11-11 16:30:49 --> Call to a member function move() on null
in APPPATH\Controllers\ResearchOutputController.php on line 25.
 1 SYSTEMPATH\CodeIgniter.php(942): App\Controllers\ResearchOutputController->save()
 2 SYSTEMPATH\CodeIgniter.php(502): CodeIgniter\CodeIgniter->runController(Object(App\Controllers\ResearchOutputController))
 3 SYSTEMPATH\CodeIgniter.php(361): CodeIgniter\CodeIgniter->handleRequest(null, Object(Config\Cache), false)
 4 FCPATH\index.php(87): CodeIgniter\CodeIgniter->run()
CRITICAL - 2023-11-11 16:30:58 --> Call to a member function move() on null
in APPPATH\Controllers\ResearchOutputController.php on line 25.
 1 SYSTEMPATH\CodeIgniter.php(942): App\Controllers\ResearchOutputController->save()
 2 SYSTEMPATH\CodeIgniter.php(502): CodeIgniter\CodeIgniter->runController(Object(App\Controllers\ResearchOutputController))
 3 SYSTEMPATH\CodeIgniter.php(361): CodeIgniter\CodeIgniter->handleRequest(null, Object(Config\Cache), false)
 4 FCPATH\index.php(87): CodeIgniter\CodeIgniter->run()
CRITICAL - 2023-11-11 16:30:59 --> Call to a member function move() on null
in APPPATH\Controllers\ResearchOutputController.php on line 25.
 1 SYSTEMPATH\CodeIgniter.php(942): App\Controllers\ResearchOutputController->save()
 2 SYSTEMPATH\CodeIgniter.php(502): CodeIgniter\CodeIgniter->runController(Object(App\Controllers\ResearchOutputController))
 3 SYSTEMPATH\CodeIgniter.php(361): CodeIgniter\CodeIgniter->handleRequest(null, Object(Config\Cache), false)
 4 FCPATH\index.php(87): CodeIgniter\CodeIgniter->run()
CRITICAL - 2023-11-11 16:31:00 --> Call to a member function move() on null
in APPPATH\Controllers\ResearchOutputController.php on line 25.
 1 SYSTEMPATH\CodeIgniter.php(942): App\Controllers\ResearchOutputController->save()
 2 SYSTEMPATH\CodeIgniter.php(502): CodeIgniter\CodeIgniter->runController(Object(App\Controllers\ResearchOutputController))
 3 SYSTEMPATH\CodeIgniter.php(361): CodeIgniter\CodeIgniter->handleRequest(null, Object(Config\Cache), false)
 4 FCPATH\index.php(87): CodeIgniter\CodeIgniter->run()
ERROR - 2023-11-11 17:04:02 --> Exception: Attempt to read property "researchtitle" on null
ERROR - 2023-11-11 17:04:04 --> Exception: Attempt to read property "researchtitle" on null
ERROR - 2023-11-11 17:04:26 --> Exception: Attempt to read property "researchtitle" on null
CRITICAL - 2023-11-11 17:05:13 --> Call to a member function isValid() on null
in APPPATH\Controllers\ResearchOutputController.php on line 29.
 1 SYSTEMPATH\CodeIgniter.php(942): App\Controllers\ResearchOutputController->save()
 2 SYSTEMPATH\CodeIgniter.php(502): CodeIgniter\CodeIgniter->runController(Object(App\Controllers\ResearchOutputController))
 3 SYSTEMPATH\CodeIgniter.php(361): CodeIgniter\CodeIgniter->handleRequest(null, Object(Config\Cache), false)
 4 FCPATH\index.php(87): CodeIgniter\CodeIgniter->run()
CRITICAL - 2023-11-11 17:05:16 --> Call to a member function isValid() on null
in APPPATH\Controllers\ResearchOutputController.php on line 29.
 1 SYSTEMPATH\CodeIgniter.php(942): App\Controllers\ResearchOutputController->save()
 2 SYSTEMPATH\CodeIgniter.php(502): CodeIgniter\CodeIgniter->runController(Object(App\Controllers\ResearchOutputController))
 3 SYSTEMPATH\CodeIgniter.php(361): CodeIgniter\CodeIgniter->handleRequest(null, Object(Config\Cache), false)
 4 FCPATH\index.php(87): CodeIgniter\CodeIgniter->run()
CRITICAL - 2023-11-11 17:05:40 --> Call to a member function isValid() on null
in APPPATH\Controllers\ResearchOutputController.php on line 29.
 1 SYSTEMPATH\CodeIgniter.php(942): App\Controllers\ResearchOutputController->save()
 2 SYSTEMPATH\CodeIgniter.php(502): CodeIgniter\CodeIgniter->runController(Object(App\Controllers\ResearchOutputController))
 3 SYSTEMPATH\CodeIgniter.php(361): CodeIgniter\CodeIgniter->handleRequest(null, Object(Config\Cache), false)
 4 FCPATH\index.php(87): CodeIgniter\CodeIgniter->run()
