CRITICAL - 2023-11-12 07:47:57 --> Call to a member function move() on null
in APPPATH\Controllers\ResearchOutputController.php on line 26.
 1 SYSTEMPATH\CodeIgniter.php(942): App\Controllers\ResearchOutputController->save()
 2 SYSTEMPATH\CodeIgniter.php(502): CodeIgniter\CodeIgniter->runController(Object(App\Controllers\ResearchOutputController))
 3 SYSTEMPATH\CodeIgniter.php(361): CodeIgniter\CodeIgniter->handleRequest(null, Object(Config\Cache), false)
 4 FCPATH\index.php(87): CodeIgniter\CodeIgniter->run()
CRITICAL - 2023-11-12 07:47:59 --> Call to a member function move() on null
in APPPATH\Controllers\ResearchOutputController.php on line 26.
 1 SYSTEMPATH\CodeIgniter.php(942): App\Controllers\ResearchOutputController->save()
 2 SYSTEMPATH\CodeIgniter.php(502): CodeIgniter\CodeIgniter->runController(Object(App\Controllers\ResearchOutputController))
 3 SYSTEMPATH\CodeIgniter.php(361): CodeIgniter\CodeIgniter->handleRequest(null, Object(Config\Cache), false)
 4 FCPATH\index.php(87): CodeIgniter\CodeIgniter->run()
CRITICAL - 2023-11-12 07:48:00 --> Call to a member function move() on null
in APPPATH\Controllers\ResearchOutputController.php on line 26.
 1 SYSTEMPATH\CodeIgniter.php(942): App\Controllers\ResearchOutputController->save()
 2 SYSTEMPATH\CodeIgniter.php(502): CodeIgniter\CodeIgniter->runController(Object(App\Controllers\ResearchOutputController))
 3 SYSTEMPATH\CodeIgniter.php(361): CodeIgniter\CodeIgniter->handleRequest(null, Object(Config\Cache), false)
 4 FCPATH\index.php(87): CodeIgniter\CodeIgniter->run()
CRITICAL - 2023-11-12 07:48:00 --> Call to a member function move() on null
in APPPATH\Controllers\ResearchOutputController.php on line 26.
 1 SYSTEMPATH\CodeIgniter.php(942): App\Controllers\ResearchOutputController->save()
 2 SYSTEMPATH\CodeIgniter.php(502): CodeIgniter\CodeIgniter->runController(Object(App\Controllers\ResearchOutputController))
 3 SYSTEMPATH\CodeIgniter.php(361): CodeIgniter\CodeIgniter->handleRequest(null, Object(Config\Cache), false)
 4 FCPATH\index.php(87): CodeIgniter\CodeIgniter->run()
CRITICAL - 2023-11-12 07:48:02 --> Call to a member function move() on null
in APPPATH\Controllers\ResearchOutputController.php on line 26.
 1 SYSTEMPATH\CodeIgniter.php(942): App\Controllers\ResearchOutputController->save()
 2 SYSTEMPATH\CodeIgniter.php(502): CodeIgniter\CodeIgniter->runController(Object(App\Controllers\ResearchOutputController))
 3 SYSTEMPATH\CodeIgniter.php(361): CodeIgniter\CodeIgniter->handleRequest(null, Object(Config\Cache), false)
 4 FCPATH\index.php(87): CodeIgniter\CodeIgniter->run()
CRITICAL - 2023-11-12 07:48:03 --> Call to a member function move() on null
in APPPATH\Controllers\ResearchOutputController.php on line 26.
 1 SYSTEMPATH\CodeIgniter.php(942): App\Controllers\ResearchOutputController->save()
 2 SYSTEMPATH\CodeIgniter.php(502): CodeIgniter\CodeIgniter->runController(Object(App\Controllers\ResearchOutputController))
 3 SYSTEMPATH\CodeIgniter.php(361): CodeIgniter\CodeIgniter->handleRequest(null, Object(Config\Cache), false)
 4 FCPATH\index.php(87): CodeIgniter\CodeIgniter->run()
CRITICAL - 2023-11-12 07:50:09 --> Call to a member function move() on null
in APPPATH\Controllers\ResearchOutputController.php on line 26.
 1 SYSTEMPATH\CodeIgniter.php(942): App\Controllers\ResearchOutputController->save()
 2 SYSTEMPATH\CodeIgniter.php(502): CodeIgniter\CodeIgniter->runController(Object(App\Controllers\ResearchOutputController))
 3 SYSTEMPATH\CodeIgniter.php(361): CodeIgniter\CodeIgniter->handleRequest(null, Object(Config\Cache), false)
 4 FCPATH\index.php(87): CodeIgniter\CodeIgniter->run()
